Using pre-set license
Built from '2020.3/staging' branch; Version is '2020.3.0f1 (c7b5465681fb) revision 13088070'; Using compiler version '192528614'; Build Type 'Release'
OS: 'Windows 10 Home; OS build 22000.675; Version 2009; 64bit' Language: 'en' Physical Memory: 16215 MB
BatchMode: 1, IsHumanControllingUs: 0, StartBugReporterOnCrash: 0, Is64bit: 1, IsPro: 0

 COMMAND LINE ARGUMENTS:
C:\Program Files\Unity\Hub\Editor\2020.3.0f1\Editor\Unity.exe
-adb2
-batchMode
-noUpm
-name
AssetImportWorker0
-projectPath
C:/Users/LaptopK1/Desktop/git/it-is-not-you/it is not you
-logFile
Logs/AssetImportWorker0.log
-srvPort
62957
Successfully changed project path to: C:/Users/LaptopK1/Desktop/git/it-is-not-you/it is not you
C:/Users/LaptopK1/Desktop/git/it-is-not-you/it is not you
Using Asset Import Pipeline V2.
Refreshing native plugins compatible for Editor in 77.18 ms, found 1 plugins.
Preloading 0 native plugins for Editor in 0.00 ms.
Initialize engine version: 2020.3.0f1 (c7b5465681fb)
[Subsystems] Discovering subsystems at path C:/Program Files/Unity/Hub/Editor/2020.3.0f1/Editor/Data/Resources/UnitySubsystems
[Subsystems] Discovering subsystems at path C:/Users/LaptopK1/Desktop/git/it-is-not-you/it is not you/Assets
GfxDevice: creating device client; threaded=0
Direct3D:
    Version:  Direct3D 11.0 [level 11.1]
    Renderer: NVIDIA GeForce GTX 1650 (ID=0x1f99)
    Vendor:   
    VRAM:     3962 MB
    Driver:   30.0.15.1215
Shader 'Universal Render Pipeline/Particles/Lit': fallback shader 'Universal Render Pipeline/Particles/SimpleLit' not found
Initialize mono
Mono path[0] = 'C:/Program Files/Unity/Hub/Editor/2020.3.0f1/Editor/Data/Managed'
Mono path[1] = 'C:/Program Files/Unity/Hub/Editor/2020.3.0f1/Editor/Data/MonoBleedingEdge/lib/mono/unityjit'
Mono config path = 'C:/Program Files/Unity/Hub/Editor/2020.3.0f1/Editor/Data/MonoBleedingEdge/etc'
Using monoOptions --debugger-agent=transport=dt_socket,embedding=1,server=y,suspend=n,address=127.0.0.1:56456
Begin MonoManager ReloadAssembly
Registering precompiled unity dll's ...
Register platform support module: C:/Program Files/Unity/Hub/Editor/2020.3.0f1/Editor/Data/PlaybackEngines/WebGLSupport/UnityEditor.WebGL.Extensions.dll
Register platform support module: C:/Program Files/Unity/Hub/Editor/2020.3.0f1/Editor/Data/PlaybackEngines/WindowsStandaloneSupport/UnityEditor.WindowsStandalone.Extensions.dll
Registered in 0.002080 seconds.
Native extension for WindowsStandalone target not found
Native extension for WebGL target not found
Refreshing native plugins compatible for Editor in 74.67 ms, found 1 plugins.
Preloading 0 native plugins for Editor in 0.00 ms.
Invoked RoslynAnalysisRunner static constructor.
RoslynAnalysisRunner will not be running.
RoslynAnalysisRunner has terminated.
Mono: successfully reloaded assembly
- Completed reload, in  1.774 seconds
Platform modules already initialized, skipping
Registering precompiled user dll's ...
Registered in 0.001549 seconds.
Begin MonoManager ReloadAssembly
Native extension for WindowsStandalone target not found
Native extension for WebGL target not found
Refreshing native plugins compatible for Editor in 77.26 ms, found 1 plugins.
Preloading 0 native plugins for Editor in 0.00 ms.
Invoked RoslynAnalysisRunner static constructor.
RoslynAnalysisRunner will not be running.
RoslynAnalysisRunner has terminated.
Mono: successfully reloaded assembly
- Completed reload, in  1.092 seconds
Platform modules already initialized, skipping
========================================================================
Worker process is ready to serve import requests
Shader 'Universal Render Pipeline/Particles/Lit': fallback shader 'Universal Render Pipeline/Particles/SimpleLit' not found
Launched and connected shader compiler UnityShaderCompiler.exe after 0.03 seconds
Refreshing native plugins compatible for Editor in 0.69 ms, found 1 plugins.
Preloading 0 native plugins for Editor in 0.00 ms.
Unloading 3012 Unused Serialized files (Serialized files now loaded: 0)
System memory in use before: 153.2 MB.
System memory in use after: 153.3 MB.

Unloading 24 unused Assets to reduce memory usage. Loaded Objects now: 3475.
Total: 3.275600 ms (FindLiveObjects: 0.573300 ms CreateObjectMapping: 0.392700 ms MarkObjects: 2.177400 ms  DeleteObjects: 0.131000 ms)

========================================================================
Received Import Request.
  path: Assets/prefabs/Canvas.prefab
  artifactKey: Guid(3a1edec07a3689842867639f2c14bfe0) Importer(815301076,1909f56bfc062723c751e8b465ee728b)
Start importing Assets/prefabs/Canvas.prefab using Guid(3a1edec07a3689842867639f2c14bfe0) Importer(815301076,1909f56bfc062723c751e8b465ee728b)  -> (artifact id: '33e321a47cc882632ea83a1f59b605b1') in 0.062370 seconds
  Import took 0.067175 seconds .

========================================================================
Received Import Request.
  Time since last request: 0.000196 seconds.
  path: Assets/prefabs/tatcagame_camsize8.prefab
  artifactKey: Guid(565db82bd0415f14daa9205abf28a991) Importer(815301076,1909f56bfc062723c751e8b465ee728b)
Start importing Assets/prefabs/tatcagame_camsize8.prefab using Guid(565db82bd0415f14daa9205abf28a991) Importer(815301076,1909f56bfc062723c751e8b465ee728b)  -> (artifact id: '4991ce8a99cada3eceb893f0d6b1639a') in 0.249523 seconds
  Import took 0.257545 seconds .

========================================================================
Received Import Request.
  Time since last request: 0.000247 seconds.
  path: Assets/prefabs/star.prefab
  artifactKey: Guid(3567913abc83aee4a832b767b8307c79) Importer(815301076,1909f56bfc062723c751e8b465ee728b)
Start importing Assets/prefabs/star.prefab using Guid(3567913abc83aee4a832b767b8307c79) Importer(815301076,1909f56bfc062723c751e8b465ee728b)  -> (artifact id: '5f9314f3ab0f34cc38f4c70707dbb349') in 0.026943 seconds
  Import took 0.033613 seconds .

========================================================================
Received Import Request.
  Time since last request: 0.000208 seconds.
  path: Assets/prefabs/tatcagame_camsize6.prefab
  artifactKey: Guid(49e6e8b8cabdc62409e30374d6492fbe) Importer(815301076,1909f56bfc062723c751e8b465ee728b)
Start importing Assets/prefabs/tatcagame_camsize6.prefab using Guid(49e6e8b8cabdc62409e30374d6492fbe) Importer(815301076,1909f56bfc062723c751e8b465ee728b)  -> (artifact id: 'ead67773af4610ec77c24ce0ce61f9c7') in 0.048746 seconds
  Import took 0.056090 seconds .

========================================================================
Received Import Request.
  Time since last request: 0.000710 seconds.
  path: Assets/prefabs/tatcagame.prefab
  artifactKey: Guid(0b646d5e4c4d0b34e9b2f24eb5927251) Importer(815301076,1909f56bfc062723c751e8b465ee728b)
Start importing Assets/prefabs/tatcagame.prefab using Guid(0b646d5e4c4d0b34e9b2f24eb5927251) Importer(815301076,1909f56bfc062723c751e8b465ee728b)  -> (artifact id: 'c8df990424b9220c802207bba84d4d97') in 0.035223 seconds
  Import took 0.041908 seconds .

========================================================================
Received Import Request.
  Time since last request: 0.000277 seconds.
  path: Assets/prefabs/youtext.prefab
  artifactKey: Guid(e0e24849ab12b4044bc143d37543abc1) Importer(815301076,1909f56bfc062723c751e8b465ee728b)
Start importing Assets/prefabs/youtext.prefab using Guid(e0e24849ab12b4044bc143d37543abc1) Importer(815301076,1909f56bfc062723c751e8b465ee728b)  -> (artifact id: '2a8df5b7ec596261c2e28fd25ef669ba') in 0.019408 seconds
  Import took 0.027967 seconds .

